[2026-05-17 19:11:39] Auto-sync started. Watching: C:\Phiversity-main
[2026-05-17 19:11:39] Debounce: 60s | Poll: every 15min
[2026-05-17 19:11:40] Logging to: C:\Phiversity-main\auto-sync.log
[2026-05-17 19:12:55] Sync: committed and pushed successfully
[2026-05-17 19:16:29] Sync: committed and pushed successfully
[2026-05-17 19:32:29] Sync: committed and pushed successfully
[2026-05-17 19:47:32] Sync: committed and pushed successfully
[2026-05-17 20:07:49] Sync: committed and pushed successfully
[2026-05-17 21:17:32] Sync: committed and pushed successfully
[2026-05-17 21:17:48] Sync: committed and pushed successfully
[2026-05-17 21:28:55] Sync: committed and pushed successfully
[2026-05-17 21:49:24] Sync: committed and pushed successfully
[2026-05-17 21:57:33] Sync: committed and pushed successfully
[2026-05-18 05:26:38] Sync: committed and pushed successfully
[2026-05-18 05:26:52] Sync: committed and pushed successfully
[2026-05-18 05:27:01] Sync: committed and pushed successfully
[2026-05-18 05:27:17] Sync: committed and pushed successfully
[2026-05-18 05:27:23] Sync: committed and pushed successfully
[2026-05-18 05:30:53] Sync: committed and pushed successfully
[2026-05-18 05:31:04] Sync: committed and pushed successfully
[2026-05-18 05:31:21] Sync: committed and pushed successfully
[2026-05-18 05:31:30] Sync: committed and pushed successfully
[2026-05-18 05:31:37] Sync: committed and pushed successfully
[2026-05-18 05:37:54] Sync: committed and pushed successfully
[2026-05-18 05:38:00] Sync: committed and pushed successfully
[2026-05-18 05:41:18] Sync: committed and pushed successfully
[2026-05-18 05:41:24] Sync: committed and pushed successfully
[2026-05-18 05:41:31] Sync: committed and pushed successfully
[2026-05-18 05:47:58] Sync: committed and pushed successfully
[2026-05-18 06:02:45] Sync: committed and pushed successfully
[2026-05-18 06:14:42] Sync: committed and pushed successfully
[2026-05-18 11:47:41] Auto-sync started. Watching: C:\Phiversity-main
[2026-05-18 11:47:41] Debounce: 60s | Poll: every 15min
[2026-05-18 11:47:41] Logging to: C:\Phiversity-main\auto-sync.log
[2026-05-18 11:48:48] Sync: committed and pushed successfully
[2026-05-18 11:52:45] Sync: committed and pushed successfully
[2026-05-18 11:56:52] Sync: committed and pushed successfully
[2026-05-18 12:00:50] Sync: committed and pushed successfully
[2026-05-18 12:04:08] Sync: committed and pushed successfully
[2026-05-18 12:07:14] Sync: committed and pushed successfully
[2026-05-18 12:10:21] Sync: committed and pushed successfully
[2026-05-18 12:13:39] Sync: committed and pushed successfully
[2026-05-18 12:16:48] Sync: committed and pushed successfully
[2026-05-18 12:20:05] Sync: committed and pushed successfully
[2026-05-18 12:20:11] Sync: committed and pushed successfully
[2026-05-18 12:26:18] Sync: committed and pushed successfully
[2026-05-18 12:26:25] Sync: committed and pushed successfully
[2026-05-18 12:32:43] Sync: committed and pushed successfully
[2026-05-18 12:32:50] Sync: committed and pushed successfully
[2026-05-18 12:35:47] Sync: committed and pushed successfully
[2026-05-18 12:39:03] Sync: committed and pushed successfully
[2026-05-18 12:42:20] Sync: committed and pushed successfully
[2026-05-18 12:45:26] Sync: committed and pushed successfully
[2026-05-18 12:48:34] Sync: committed and pushed successfully
[2026-05-18 12:52:11] Sync: committed and pushed successfully
[2026-05-18 12:52:17] Sync: committed and pushed successfully
[2026-05-18 12:55:25] Sync: committed and pushed successfully
[2026-05-18 13:01:32] Sync: committed and pushed successfully
[2026-05-18 13:04:40] Sync: committed and pushed successfully
[2026-05-18 13:04:46] Sync: committed and pushed successfully
[2026-05-18 13:07:52] Sync: committed and pushed successfully
[2026-05-18 13:07:59] Sync: committed and pushed successfully
[2026-05-18 13:14:05] Sync: committed and pushed successfully
[2026-05-18 13:20:02] Sync: committed and pushed successfully
[2026-05-18 13:20:19] Sync: committed and pushed successfully
[2026-05-18 13:23:25] Sync: committed and pushed successfully
[2026-05-18 13:23:31] Sync: committed and pushed successfully
[2026-05-18 13:23:37] Sync: committed and pushed successfully
[2026-05-18 13:29:45] Sync: committed and pushed successfully
[2026-05-18 13:55:44] Sync: committed and pushed successfully
[2026-05-18 13:55:50] Sync: committed and pushed successfully
[2026-05-18 13:58:55] Sync: committed and pushed successfully
[2026-05-18 13:59:11] Sync: committed and pushed successfully
[2026-05-18 13:59:16] Sync: committed and pushed successfully
[2026-05-18 13:59:22] Sync: committed and pushed successfully
[2026-05-18 14:05:28] Sync: committed and pushed successfully
[2026-05-18 14:17:34] Sync: committed and pushed successfully
[2026-05-18 14:17:39] Sync: committed and pushed successfully
[2026-05-18 14:17:54] Sync: committed and pushed successfully
[2026-05-18 14:21:00] Sync: committed and pushed successfully
[2026-05-18 14:21:05] Sync: committed and pushed successfully
[2026-05-18 14:21:10] Sync: committed and pushed successfully
[2026-05-18 14:21:26] Sync: committed and pushed successfully
[2026-05-18 14:30:23] Sync: committed and pushed successfully
[2026-05-18 14:30:29] Sync: committed and pushed successfully
[2026-05-18 14:42:36] Sync: committed and pushed successfully
[2026-05-18 14:42:49] Sync: committed and pushed successfully
[2026-05-18 14:43:03] Sync: committed and pushed successfully
[2026-05-18 14:49:11] Sync: committed and pushed successfully
[2026-05-18 14:49:21] Sync: committed and pushed successfully
[2026-05-18 14:49:41] Sync: committed and pushed successfully
[2026-05-18 14:50:07] Sync: committed and pushed successfully
[2026-05-18 14:50:39] Sync: committed and pushed successfully
[2026-05-18 14:59:44] Sync: committed and pushed successfully
[2026-05-18 15:00:04] Sync: committed and pushed successfully
[2026-05-18 15:06:52] Sync: committed and pushed successfully
[2026-05-18 15:13:57] Sync: committed and pushed successfully
[2026-05-18 15:18:59] Sync: committed and pushed successfully
[2026-05-18 15:27:22] Sync: committed and pushed successfully
[2026-05-18 15:34:09] Sync: committed and pushed successfully
[2026-05-18 15:34:26] Sync: committed and pushed successfully
[2026-05-18 15:34:33] Sync: committed and pushed successfully
[2026-05-18 15:47:28] Sync: committed and pushed successfully
[2026-05-18 15:52:35] Sync: committed and pushed successfully
[2026-05-18 15:57:16] Sync: committed and pushed successfully
[2026-05-18 16:05:56] Sync: committed and pushed successfully
[2026-05-18 16:08:03] Sync: committed and pushed successfully
[2026-05-18 16:28:38] Sync: committed and pushed successfully
[2026-05-18 16:38:00] Sync: committed and pushed successfully
[2026-05-18 16:38:09] Sync: committed and pushed successfully
[2026-05-18 17:13:52] Sync: committed and pushed successfully
[2026-05-18 17:14:17] Sync: committed and pushed successfully
[2026-05-18 18:11:03] Auto-sync started. Watching: C:\Phiversity-main
[2026-05-18 18:11:03] Debounce: 60s | Poll: every 15min
[2026-05-18 18:11:03] Logging to: C:\Phiversity-main\auto-sync.log
[2026-05-18 18:12:10] Sync: committed and pushed successfully
[2026-05-18 18:19:36] Sync: committed and pushed successfully
[2026-05-18 18:23:42] Sync: committed and pushed successfully
[2026-05-18 18:26:58] Sync: committed and pushed successfully
[2026-05-18 18:30:14] Sync: committed and pushed successfully
[2026-05-18 18:33:30] Sync: committed and pushed successfully
[2026-05-18 18:36:56] Sync: committed and pushed successfully
[2026-05-18 18:40:13] Sync: committed and pushed successfully
[2026-05-18 18:43:33] Sync: committed and pushed successfully
[2026-05-18 18:43:40] Sync: committed and pushed successfully
[2026-05-18 18:50:16] Sync: committed and pushed successfully
[2026-05-18 18:50:23] Sync: committed and pushed successfully
[2026-05-18 18:56:39] Sync: committed and pushed successfully
[2026-05-18 18:56:45] Sync: committed and pushed successfully
[2026-05-18 18:57:01] Sync: committed and pushed successfully
[2026-05-18 19:06:29] Sync: committed and pushed successfully
[2026-05-18 19:06:44] Sync: committed and pushed successfully
[2026-05-18 19:06:50] Sync: committed and pushed successfully
[2026-05-18 19:16:16] Sync: committed and pushed successfully
[2026-05-18 19:16:22] Sync: committed and pushed successfully
[2026-05-18 19:16:27] Sync: committed and pushed successfully
[2026-05-18 19:16:33] Sync: committed and pushed successfully
[2026-05-18 19:29:31] Sync: committed and pushed successfully
[2026-05-18 19:29:40] Sync: committed and pushed successfully
[2026-05-18 19:29:49] Sync: committed and pushed successfully
[2026-05-18 19:29:58] Sync: committed and pushed successfully
[2026-05-18 19:30:15] Sync: committed and pushed successfully
[2026-05-18 19:45:45] Sync: committed and pushed successfully
[2026-05-18 19:46:21] Sync: committed and pushed successfully
[2026-05-18 19:46:26] Sync: committed and pushed successfully
[2026-05-18 19:46:32] Sync: committed and pushed successfully
[2026-05-18 19:46:37] Sync: committed and pushed successfully
[2026-05-18 19:46:53] Sync: committed and pushed successfully
[2026-05-18 20:05:39] Sync: committed and pushed successfully
[2026-05-18 20:05:47] Sync: committed and pushed successfully
[2026-05-18 20:05:55] Sync: committed and pushed successfully
[2026-05-18 20:06:14] Sync: committed and pushed successfully
[2026-05-18 20:06:22] Sync: committed and pushed successfully
[2026-05-18 20:06:30] Sync: committed and pushed successfully
[2026-05-18 20:06:37] Sync: committed and pushed successfully
[2026-05-18 20:22:26] Sync: committed and pushed successfully
[2026-05-18 20:28:53] Sync: committed and pushed successfully
[2026-05-18 20:29:00] Sync: committed and pushed successfully
[2026-05-18 20:29:06] Sync: committed and pushed successfully
[2026-05-18 20:29:23] Sync: committed and pushed successfully
[2026-05-18 20:29:30] Sync: committed and pushed successfully
[2026-05-18 20:33:08] Sync: committed and pushed successfully
[2026-05-18 20:33:24] Sync: committed and pushed successfully
[2026-05-18 20:33:32] Sync: committed and pushed successfully
[2026-05-18 20:48:49] Sync: committed and pushed successfully
[2026-05-18 20:57:56] Sync: committed and pushed successfully
[2026-05-18 20:58:12] Sync: committed and pushed successfully
[2026-05-18 20:58:18] Sync: committed and pushed successfully
[2026-05-18 20:58:25] Sync: committed and pushed successfully
[2026-05-18 20:58:31] Sync: committed and pushed successfully
[2026-05-18 20:58:48] Sync: committed and pushed successfully
[2026-05-18 21:02:06] Sync: committed and pushed successfully
[2026-05-18 21:02:14] Sync: committed and pushed successfully
[2026-05-18 21:02:23] Sync: committed and pushed successfully
[2026-05-18 21:02:40] Sync: committed and pushed successfully
[2026-05-18 21:21:00] Sync: committed and pushed successfully
[2026-05-18 21:33:30] Sync: committed and pushed successfully
[2026-05-18 21:33:38] Sync: committed and pushed successfully
[2026-05-18 21:33:57] Sync: committed and pushed successfully
[2026-05-18 21:34:05] Sync: committed and pushed successfully
[2026-05-18 21:34:13] Sync: committed and pushed successfully
[2026-05-18 21:34:21] Sync: committed and pushed successfully
[2026-05-18 21:34:39] Sync: committed and pushed successfully
[2026-05-18 21:37:38] Sync: committed and pushed successfully
[2026-05-18 21:37:56] Sync: committed and pushed successfully
[2026-05-18 21:38:04] Sync: committed and pushed successfully
[2026-05-18 21:38:12] Sync: committed and pushed successfully
[2026-05-18 21:38:20] Sync: committed and pushed successfully
[2026-05-18 21:56:41] Sync: committed and pushed successfully
[2026-05-18 22:15:18] Sync: committed and pushed successfully
[2026-05-18 22:15:25] Sync: committed and pushed successfully
[2026-05-18 22:15:31] Sync: committed and pushed successfully
[2026-05-18 22:15:46] Sync: committed and pushed successfully
[2026-05-18 22:15:52] Sync: committed and pushed successfully
[2026-05-18 22:15:57] Sync: committed and pushed successfully
[2026-05-18 22:16:03] Sync: committed and pushed successfully
[2026-05-18 22:16:18] Sync: committed and pushed successfully
[2026-05-18 22:19:28] Sync: committed and pushed successfully
[2026-05-18 22:19:37] Sync: committed and pushed successfully
[2026-05-18 22:19:43] Sync: committed and pushed successfully
[2026-05-18 22:20:00] Sync: committed and pushed successfully
[2026-05-18 22:20:06] Sync: committed and pushed successfully
[2026-05-18 22:20:12] Sync: committed and pushed successfully
[2026-05-18 22:20:17] Sync: committed and pushed successfully
[2026-05-18 22:41:48] Sync: committed and pushed successfully
[2026-05-19 05:13:51] Sync: committed and pushed successfully
[2026-05-19 05:13:56] Sync: committed and pushed successfully
[2026-05-19 05:14:02] Sync: committed and pushed successfully
[2026-05-19 05:14:18] Sync: committed and pushed successfully
[2026-05-19 05:14:24] Sync: committed and pushed successfully
[2026-05-19 05:14:29] Sync: committed and pushed successfully
[2026-05-19 05:14:35] Sync: committed and pushed successfully
[2026-05-19 05:14:51] Sync: committed and pushed successfully
[2026-05-19 05:14:56] Sync: committed and pushed successfully
[2026-05-19 05:18:03] Sync: committed and pushed successfully
[2026-05-19 05:18:09] Sync: committed and pushed successfully
[2026-05-19 05:18:15] Sync: committed and pushed successfully
[2026-05-19 05:18:21] Sync: committed and pushed successfully
[2026-05-19 05:18:37] Sync: committed and pushed successfully
[2026-05-19 05:18:43] Sync: committed and pushed successfully
[2026-05-19 05:18:49] Sync: committed and pushed successfully
[2026-05-19 05:18:55] Sync: committed and pushed successfully
[2026-05-19 05:19:15] Sync: committed and pushed successfully
[2026-05-19 05:40:23] Sync: committed and pushed successfully
[2026-05-19 06:07:21] Sync: committed and pushed successfully
[2026-05-19 06:13:28] Sync: committed and pushed successfully
[2026-05-19 06:14:05] Sync: committed and pushed successfully
[2026-05-19 06:14:11] Sync: committed and pushed successfully
[2026-05-19 06:14:19] Sync: committed and pushed successfully
[2026-05-19 06:14:30] Sync: committed and pushed successfully
[2026-05-19 06:14:47] Sync: committed and pushed successfully
[2026-05-19 06:14:53] Sync: committed and pushed successfully
[2026-05-19 06:15:01] Sync: committed and pushed successfully
[2026-05-19 06:18:09] Sync: committed and pushed successfully
[2026-05-19 06:18:26] Sync: committed and pushed successfully
[2026-05-19 06:18:33] Sync: committed and pushed successfully
[2026-05-19 06:18:40] Sync: committed and pushed successfully
[2026-05-19 06:18:48] Sync: committed and pushed successfully
[2026-05-19 06:19:05] Sync: committed and pushed successfully
[2026-05-19 06:19:13] Sync: committed and pushed successfully
[2026-05-19 06:19:20] Sync: committed and pushed successfully
[2026-05-19 06:19:26] Sync: committed and pushed successfully
[2026-05-19 06:19:44] Sync: committed and pushed successfully
[2026-05-19 06:19:50] Sync: committed and pushed successfully
[2026-05-19 06:22:58] Sync: committed and pushed successfully
[2026-05-19 06:23:06] Sync: committed and pushed successfully
[2026-05-19 06:41:20] Sync: committed and pushed successfully
[2026-05-19 07:04:40] Sync: committed and pushed successfully
[2026-05-19 07:07:47] Sync: committed and pushed successfully
[2026-05-19 07:25:54] Sync: committed and pushed successfully
[2026-05-19 07:26:11] Sync: committed and pushed successfully
[2026-05-19 07:26:17] Sync: committed and pushed successfully
[2026-05-19 07:26:23] Sync: committed and pushed successfully
[2026-05-19 07:26:29] Sync: committed and pushed successfully
[2026-05-19 07:26:45] Sync: committed and pushed successfully
[2026-05-19 07:26:52] Sync: committed and pushed successfully
[2026-05-19 07:30:11] Sync: committed and pushed successfully
[2026-05-19 07:30:21] Sync: committed and pushed successfully
[2026-05-19 07:30:28] Sync: committed and pushed successfully
[2026-05-19 07:30:36] Sync: committed and pushed successfully
[2026-05-19 07:30:57] Sync: committed and pushed successfully
[2026-05-19 07:31:05] Sync: committed and pushed successfully
[2026-05-19 07:31:13] Sync: committed and pushed successfully
[2026-05-19 07:31:21] Sync: committed and pushed successfully
[2026-05-19 07:31:39] Sync: committed and pushed successfully
[2026-05-19 07:31:46] Sync: committed and pushed successfully
[2026-05-19 07:35:05] Sync: committed and pushed successfully
[2026-05-19 07:38:12] Sync: committed and pushed successfully
[2026-05-19 07:38:30] Sync: committed and pushed successfully
[2026-05-19 07:38:37] Sync: committed and pushed successfully
[2026-05-19 07:38:45] Sync: committed and pushed successfully
[2026-05-19 07:38:53] Sync: committed and pushed successfully
[2026-05-19 07:39:11] Sync: committed and pushed successfully
[2026-05-19 07:39:20] Sync: committed and pushed successfully
[2026-05-19 08:00:27] Sync: committed and pushed successfully
[2026-05-19 08:15:23] Sync: committed and pushed successfully
[2026-05-19 08:30:29] Sync: committed and pushed successfully
[2026-05-19 08:33:35] Sync: committed and pushed successfully
[2026-05-19 08:49:02] Sync: committed and pushed successfully
[2026-05-19 08:54:27] Sync: committed and pushed successfully
[2026-05-19 08:54:33] Sync: committed and pushed successfully
[2026-05-19 08:54:48] Sync: committed and pushed successfully
[2026-05-19 08:54:54] Sync: committed and pushed successfully
[2026-05-19 08:54:59] Sync: committed and pushed successfully
[2026-05-19 08:55:05] Sync: committed and pushed successfully
[2026-05-19 08:55:20] Sync: committed and pushed successfully
[2026-05-19 08:58:16] Sync: committed and pushed successfully
[2026-05-19 08:58:31] Sync: committed and pushed successfully
[2026-05-19 08:58:37] Sync: committed and pushed successfully
[2026-05-19 08:58:42] Sync: committed and pushed successfully
[2026-05-19 08:58:47] Sync: committed and pushed successfully
[2026-05-19 08:59:03] Sync: committed and pushed successfully
[2026-05-19 09:02:03] Sync: committed and pushed successfully
[2026-05-19 09:02:20] Sync: committed and pushed successfully
[2026-05-19 09:02:26] Sync: committed and pushed successfully
[2026-05-19 09:02:33] Sync: committed and pushed successfully
[2026-05-19 09:02:39] Sync: committed and pushed successfully
[2026-05-19 09:02:55] Sync: committed and pushed successfully
[2026-05-19 09:05:51] Sync: committed and pushed successfully
[2026-05-19 09:09:07] Sync: committed and pushed successfully
[2026-05-19 09:09:13] Sync: committed and pushed successfully
[2026-05-19 09:09:18] Sync: committed and pushed successfully
[2026-05-19 09:09:24] Sync: committed and pushed successfully
[2026-05-19 09:09:40] Sync: committed and pushed successfully
[2026-05-19 09:09:46] Sync: committed and pushed successfully
[2026-05-19 09:12:54] Sync: committed and pushed successfully
[2026-05-19 09:13:02] Sync: committed and pushed successfully
[2026-05-19 09:13:13] Sync: committed and pushed successfully
[2026-05-19 09:34:02] Sync: committed and pushed successfully
[2026-05-19 09:52:10] Sync: committed and pushed successfully
[2026-05-19 10:09:48] Sync: committed and pushed successfully
[2026-05-19 10:10:16] Sync: committed and pushed successfully
[2026-05-19 10:13:23] Sync: committed and pushed successfully
[2026-05-19 10:31:19] Sync: committed and pushed successfully
[2026-05-19 10:40:15] Sync: committed and pushed successfully
[2026-05-19 10:40:20] Sync: committed and pushed successfully
[2026-05-19 10:40:26] Sync: committed and pushed successfully
[2026-05-19 10:40:42] Sync: committed and pushed successfully
[2026-05-19 10:40:47] Sync: committed and pushed successfully
[2026-05-19 10:40:53] Sync: committed and pushed successfully
[2026-05-19 10:40:59] Sync: committed and pushed successfully
[2026-05-19 10:41:14] Sync: committed and pushed successfully
[2026-05-19 10:44:20] Sync: committed and pushed successfully
[2026-05-19 10:44:25] Sync: committed and pushed successfully
[2026-05-19 10:44:30] Sync: committed and pushed successfully
[2026-05-19 10:44:45] Sync: committed and pushed successfully
[2026-05-19 10:44:51] Sync: committed and pushed successfully
[2026-05-19 10:44:58] Sync: committed and pushed successfully
[2026-05-19 10:45:06] Sync: committed and pushed successfully
[2026-05-19 10:45:21] Sync: committed and pushed successfully
[2026-05-19 10:48:26] Sync: committed and pushed successfully
[2026-05-19 10:48:32] Sync: committed and pushed successfully
[2026-05-19 10:48:38] Sync: committed and pushed successfully
[2026-05-19 10:48:53] Sync: committed and pushed successfully
[2026-05-19 10:48:59] Sync: committed and pushed successfully
[2026-05-19 10:49:04] Sync: committed and pushed successfully
[2026-05-19 10:49:10] Sync: committed and pushed successfully
[2026-05-19 11:12:22] Auto-sync started. Watching: C:\Phiversity-main
[2026-05-19 11:12:22] Debounce: 60s | Poll: every 15min
[2026-05-19 11:12:22] Logging to: C:\Phiversity-main\auto-sync.log
[2026-05-19 11:13:33] Sync: committed and pushed successfully
[2026-05-19 11:17:41] Sync: committed and pushed successfully
[2026-05-19 11:21:50] Sync: committed and pushed successfully
[2026-05-19 11:25:57] Sync: committed and pushed successfully
[2026-05-19 11:29:05] Sync: committed and pushed successfully
[2026-05-19 11:32:22] Sync: committed and pushed successfully
[2026-05-19 11:35:29] Sync: committed and pushed successfully
[2026-05-19 11:38:56] Sync: committed and pushed successfully
[2026-05-19 11:42:12] Sync: committed and pushed successfully
[2026-05-19 11:45:29] Sync: committed and pushed successfully
[2026-05-19 11:45:36] Sync: committed and pushed successfully
[2026-05-19 11:51:34] Sync: committed and pushed successfully
[2026-05-19 11:51:40] Sync: committed and pushed successfully
[2026-05-19 11:57:57] Sync: committed and pushed successfully
[2026-05-19 11:58:14] Sync: committed and pushed successfully
[2026-05-19 11:58:22] Sync: committed and pushed successfully
[2026-05-19 12:07:49] Sync: committed and pushed successfully
[2026-05-19 12:07:56] Sync: committed and pushed successfully
[2026-05-19 12:08:11] Sync: committed and pushed successfully
[2026-05-19 12:17:59] Sync: committed and pushed successfully
[2026-05-19 12:18:16] Sync: committed and pushed successfully
[2026-05-19 12:18:25] Sync: committed and pushed successfully
[2026-05-19 12:18:32] Sync: committed and pushed successfully
[2026-05-19 12:31:01] Sync: committed and pushed successfully
[2026-05-19 12:31:20] Sync: committed and pushed successfully
[2026-05-19 12:31:31] Sync: committed and pushed successfully
[2026-05-19 12:31:39] Sync: committed and pushed successfully
[2026-05-19 12:31:46] Sync: committed and pushed successfully
[2026-05-19 12:47:24] Sync: committed and pushed successfully
[2026-05-19 12:47:31] Sync: committed and pushed successfully
[2026-05-19 12:47:38] Sync: committed and pushed successfully
[2026-05-19 12:47:45] Sync: committed and pushed successfully
[2026-05-19 12:48:02] Sync: committed and pushed successfully
[2026-05-19 12:48:12] Sync: committed and pushed successfully
[2026-05-19 13:06:09] Sync: committed and pushed successfully
[2026-05-19 13:06:35] Sync: committed and pushed successfully
[2026-05-19 13:06:50] Sync: committed and pushed successfully
[2026-05-19 13:06:56] Sync: committed and pushed successfully
[2026-05-19 13:07:02] Sync: committed and pushed successfully
[2026-05-19 13:07:07] Sync: committed and pushed successfully
[2026-05-19 13:07:23] Sync: committed and pushed successfully
[2026-05-19 13:28:40] Sync: committed and pushed successfully
[2026-05-19 13:28:56] Sync: committed and pushed successfully
[2026-05-19 13:29:01] Sync: committed and pushed successfully
[2026-05-19 13:29:07] Sync: committed and pushed successfully
[2026-05-19 13:29:12] Sync: committed and pushed successfully
[2026-05-19 13:29:27] Sync: committed and pushed successfully
[2026-05-19 13:29:33] Sync: committed and pushed successfully
[2026-05-19 13:29:39] Sync: committed and pushed successfully
[2026-05-19 13:29:45] Sync: committed and pushed successfully
[2026-05-19 13:51:02] Sync: committed and pushed successfully
[2026-05-19 13:57:18] Sync: committed and pushed successfully
[2026-05-19 13:57:23] Sync: committed and pushed successfully
[2026-05-19 13:57:29] Sync: committed and pushed successfully
[2026-05-19 13:57:44] Sync: committed and pushed successfully
[2026-05-19 13:57:50] Sync: committed and pushed successfully
[2026-05-19 13:57:56] Sync: committed and pushed successfully
[2026-05-19 13:58:01] Sync: committed and pushed successfully
[2026-05-19 14:01:18] Sync: committed and pushed successfully
[2026-05-19 14:01:24] Sync: committed and pushed successfully
[2026-05-19 14:07:21] Sync: committed and pushed successfully
[2026-05-19 14:22:57] Sync: committed and pushed successfully
[2026-05-19 14:29:16] Sync: committed and pushed successfully
[2026-05-19 14:29:24] Sync: committed and pushed successfully
[2026-05-19 14:32:44] Sync: committed and pushed successfully
[2026-05-19 14:32:56] Sync: committed and pushed successfully
[2026-05-19 14:33:05] Sync: committed and pushed successfully
[2026-05-19 14:33:12] Sync: committed and pushed successfully
[2026-05-19 14:33:27] Sync: committed and pushed successfully
[2026-05-19 14:33:34] Sync: committed and pushed successfully
[2026-05-19 14:36:42] Sync: committed and pushed successfully
[2026-05-19 14:36:49] Sync: committed and pushed successfully
[2026-05-19 14:37:06] Sync: committed and pushed successfully
[2026-05-19 14:43:24] Sync: committed and pushed successfully
[2026-05-19 14:58:26] Sync: committed and pushed successfully
[2026-05-19 15:10:45] Sync: committed and pushed successfully
[2026-05-19 15:11:03] Sync: committed and pushed successfully
[2026-05-19 15:11:13] Sync: committed and pushed successfully
[2026-05-19 15:14:22] Sync: committed and pushed successfully
[2026-05-19 15:14:29] Sync: committed and pushed successfully
[2026-05-19 15:14:47] Sync: committed and pushed successfully
[2026-05-19 15:14:55] Sync: committed and pushed successfully
[2026-05-19 15:15:03] Sync: committed and pushed successfully
[2026-05-19 15:15:11] Sync: committed and pushed successfully
[2026-05-19 15:18:30] Sync: committed and pushed successfully
[2026-05-19 15:18:37] Sync: committed and pushed successfully
[2026-05-19 15:18:45] Sync: committed and pushed successfully
[2026-05-19 15:18:55] Sync: committed and pushed successfully
[2026-05-19 15:28:04] Sync: committed and pushed successfully
[2026-05-19 15:28:11] Sync: committed and pushed successfully
[2026-05-19 15:46:19] Sync: committed and pushed successfully
[2026-05-19 15:58:09] Sync: committed and pushed successfully
[2026-05-19 15:58:26] Sync: committed and pushed successfully
[2026-05-19 15:58:32] Sync: committed and pushed successfully
[2026-05-19 15:58:39] Sync: committed and pushed successfully
[2026-05-19 16:04:56] Sync: committed and pushed successfully
[2026-05-19 16:05:02] Sync: committed and pushed successfully
[2026-05-19 16:05:09] Sync: committed and pushed successfully
[2026-05-19 16:05:25] Sync: committed and pushed successfully
[2026-05-19 16:05:31] Sync: committed and pushed successfully
[2026-05-19 16:05:37] Sync: committed and pushed successfully
[2026-05-19 16:05:43] Sync: committed and pushed successfully
[2026-05-19 16:08:59] Sync: committed and pushed successfully
[2026-05-19 16:09:05] Sync: committed and pushed successfully
[2026-05-19 16:09:12] Sync: committed and pushed successfully
[2026-05-19 16:09:18] Sync: committed and pushed successfully
[2026-05-19 16:09:34] Sync: committed and pushed successfully
[2026-05-19 16:21:31] Sync: committed and pushed successfully
[2026-05-19 16:21:37] Sync: committed and pushed successfully
[2026-05-19 16:42:36] Sync: committed and pushed successfully
[2026-05-19 16:57:33] Sync: committed and pushed successfully
[2026-05-19 16:57:39] Sync: committed and pushed successfully
[2026-05-19 16:57:55] Sync: committed and pushed successfully
[2026-05-19 16:58:03] Sync: committed and pushed successfully
[2026-05-19 16:58:10] Sync: committed and pushed successfully
[2026-05-19 17:04:17] Sync: committed and pushed successfully
[2026-05-19 17:04:32] Sync: committed and pushed successfully
[2026-05-19 17:04:38] Sync: committed and pushed successfully
[2026-05-19 17:04:45] Sync: committed and pushed successfully
[2026-05-19 17:04:51] Sync: committed and pushed successfully
[2026-05-19 17:05:07] Sync: committed and pushed successfully
[2026-05-19 17:05:13] Sync: committed and pushed successfully
[2026-05-19 17:05:18] Sync: committed and pushed successfully
[2026-05-19 17:05:24] Sync: committed and pushed successfully
[2026-05-19 17:08:31] Sync: committed and pushed successfully
[2026-05-19 17:08:37] Sync: committed and pushed successfully
[2026-05-19 17:08:53] Sync: committed and pushed successfully
[2026-05-19 17:08:59] Sync: committed and pushed successfully
[2026-05-19 17:09:06] Sync: committed and pushed successfully
[2026-05-19 17:09:13] Sync: committed and pushed successfully
[2026-05-19 17:24:21] Sync: committed and pushed successfully
[2026-05-19 17:24:28] Sync: committed and pushed successfully
[2026-05-19 17:45:48] Sync: committed and pushed successfully
[2026-05-19 18:09:46] Sync: committed and pushed successfully
[2026-05-19 18:09:53] Sync: committed and pushed successfully
[2026-05-19 18:10:10] Sync: committed and pushed successfully
[2026-05-19 18:10:16] Sync: committed and pushed successfully
[2026-05-19 18:10:22] Sync: committed and pushed successfully
[2026-05-19 18:10:29] Sync: committed and pushed successfully
[2026-05-19 18:16:36] Sync: committed and pushed successfully
[2026-05-19 18:16:42] Sync: committed and pushed successfully
[2026-05-19 18:16:58] Sync: committed and pushed successfully
[2026-05-19 18:17:05] Sync: committed and pushed successfully
[2026-05-19 18:17:11] Sync: committed and pushed successfully
[2026-05-19 18:17:17] Sync: committed and pushed successfully
[2026-05-19 18:17:33] Sync: committed and pushed successfully
[2026-05-19 18:17:39] Sync: committed and pushed successfully
[2026-05-19 18:17:47] Sync: committed and pushed successfully
[2026-05-19 18:20:53] Sync: committed and pushed successfully
[2026-05-19 18:21:00] Sync: committed and pushed successfully
[2026-05-19 18:21:06] Sync: committed and pushed successfully
[2026-05-19 18:21:23] Sync: committed and pushed successfully
[2026-05-19 18:21:30] Sync: committed and pushed successfully
[2026-05-19 18:21:36] Sync: committed and pushed successfully
[2026-05-19 18:21:42] Sync: committed and pushed successfully
[2026-05-19 18:21:59] Sync: committed and pushed successfully
[2026-05-19 18:22:05] Sync: committed and pushed successfully
[2026-05-19 18:40:03] Sync: committed and pushed successfully
[2026-05-19 18:40:09] Sync: committed and pushed successfully
[2026-05-19 18:40:25] Sync: committed and pushed successfully
[2026-05-19 19:00:53] Sync: committed and pushed successfully
[2026-05-19 19:28:22] Sync: committed and pushed successfully
[2026-05-19 19:34:30] Sync: committed and pushed successfully
[2026-05-19 19:34:36] Sync: committed and pushed successfully
[2026-05-19 19:34:47] Sync: committed and pushed successfully
[2026-05-19 19:35:04] Sync: committed and pushed successfully
[2026-05-19 19:35:11] Sync: committed and pushed successfully
[2026-05-19 19:35:19] Sync: committed and pushed successfully
[2026-05-19 19:43:41] Auto-sync started. Watching: C:\Phiversity-main
[2026-05-19 19:43:41] Debounce: 60s | Poll: every 15min
[2026-05-19 19:43:41] Logging to: C:\Phiversity-main\auto-sync.log
[2026-05-19 19:44:51] Sync: committed and pushed successfully
[2026-05-19 19:48:38] Sync: committed and pushed successfully
[2026-05-19 19:52:45] Sync: committed and pushed successfully
[2026-05-19 19:56:53] Sync: committed and pushed successfully
[2026-05-19 20:00:01] Sync: committed and pushed successfully
[2026-05-19 20:03:08] Sync: committed and pushed successfully
[2026-05-19 20:06:05] Sync: committed and pushed successfully
[2026-05-19 20:09:22] Sync: committed and pushed successfully
[2026-05-19 20:12:20] Sync: committed and pushed successfully
[2026-05-19 20:15:29] Sync: committed and pushed successfully
[2026-05-19 20:15:37] Sync: committed and pushed successfully
[2026-05-19 20:21:44] Sync: committed and pushed successfully
[2026-05-19 20:21:53] Sync: committed and pushed successfully
[2026-05-19 20:27:50] Sync: committed and pushed successfully
[2026-05-19 20:27:56] Sync: committed and pushed successfully
[2026-05-19 20:34:04] Sync: committed and pushed successfully
[2026-05-19 20:34:10] Sync: committed and pushed successfully
[2026-05-19 20:34:17] Sync: committed and pushed successfully
[2026-05-19 20:55:56] Sync: committed and pushed successfully
[2026-05-19 20:56:07] Sync: committed and pushed successfully
[2026-05-19 20:56:15] Sync: committed and pushed successfully
[2026-05-19 21:05:12] Sync: committed and pushed successfully
[2026-05-19 21:05:20] Sync: committed and pushed successfully
[2026-05-19 21:05:38] Sync: committed and pushed successfully
[2026-05-19 21:05:45] Sync: committed and pushed successfully
[2026-05-19 21:17:33] Sync: committed and pushed successfully
[2026-05-19 21:17:41] Sync: committed and pushed successfully
[2026-05-19 21:17:58] Sync: committed and pushed successfully
[2026-05-19 21:18:07] Sync: committed and pushed successfully
[2026-05-20 06:03:34] Sync: committed and pushed successfully
[2026-05-20 10:56:19] Sync: committed and pushed successfully
[2026-05-20 10:56:34] Sync: committed and pushed successfully
[2026-05-20 10:56:40] Sync: committed and pushed successfully
[2026-05-20 10:56:45] Sync: committed and pushed successfully
[2026-05-20 10:56:51] Sync: committed and pushed successfully
[2026-05-20 10:57:06] Sync: committed and pushed successfully
[2026-05-20 11:14:45] Sync: committed and pushed successfully
[2026-05-20 11:15:01] Sync: committed and pushed successfully
[2026-05-20 11:15:07] Sync: committed and pushed successfully
[2026-05-20 11:15:14] Sync: committed and pushed successfully
[2026-05-20 11:15:21] Sync: committed and pushed successfully
[2026-05-20 11:15:37] Sync: committed and pushed successfully
[2026-05-20 11:15:44] Sync: committed and pushed successfully
[2026-05-20 11:33:32] Sync: committed and pushed successfully
[2026-05-20 11:36:28] Sync: committed and pushed successfully
[2026-05-20 11:36:46] Sync: committed and pushed successfully
[2026-05-20 11:36:54] Sync: committed and pushed successfully
[2026-05-20 11:37:00] Sync: committed and pushed successfully
[2026-05-20 11:37:07] Sync: committed and pushed successfully
[2026-05-20 11:37:24] Sync: committed and pushed successfully
[2026-05-20 11:40:21] Sync: committed and pushed successfully
[2026-05-20 11:40:38] Sync: committed and pushed successfully
[2026-05-20 11:57:55] Sync: committed and pushed successfully
[2026-05-20 12:04:42] Sync: committed and pushed successfully
[2026-05-20 12:04:48] Sync: committed and pushed successfully
[2026-05-20 12:05:06] Sync: committed and pushed successfully
[2026-05-20 12:05:12] Sync: committed and pushed successfully
[2026-05-20 12:05:22] Sync: committed and pushed successfully
[2026-05-20 12:05:29] Sync: committed and pushed successfully
[2026-05-20 12:05:46] Sync: committed and pushed successfully
[2026-05-20 12:08:43] Sync: committed and pushed successfully
[2026-05-20 12:09:01] Sync: committed and pushed successfully
[2026-05-20 12:09:08] Sync: committed and pushed successfully
[2026-05-20 13:24:29] Sync: committed and pushed successfully
[2026-05-20 13:37:18] Sync: committed and pushed successfully
[2026-05-20 13:37:25] Sync: committed and pushed successfully
[2026-05-20 13:37:32] Sync: committed and pushed successfully
[2026-05-20 13:37:40] Sync: committed and pushed successfully
[2026-05-20 13:37:58] Sync: committed and pushed successfully
[2026-05-20 13:38:05] Sync: committed and pushed successfully
[2026-05-20 13:38:12] Sync: committed and pushed successfully
[2026-05-20 13:38:20] Sync: committed and pushed successfully
[2026-05-20 13:38:37] Sync: committed and pushed successfully
[2026-05-20 13:38:44] Sync: committed and pushed successfully
[2026-05-20 13:38:52] Sync: committed and pushed successfully
[2026-05-20 13:42:09] Sync: committed and pushed successfully
[2026-05-20 13:42:25] Sync: committed and pushed successfully
[2026-05-20 13:42:31] Sync: committed and pushed successfully
[2026-05-20 13:42:37] Sync: committed and pushed successfully
[2026-05-20 14:01:26] Sync: committed and pushed successfully
[2026-05-20 14:08:14] Sync: committed and pushed successfully
[2026-05-20 14:30:12] Sync: committed and pushed successfully
[2026-05-20 14:30:30] Sync: committed and pushed successfully
[2026-05-20 14:30:37] Sync: committed and pushed successfully
[2026-05-20 14:30:43] Sync: committed and pushed successfully
[2026-05-20 14:30:51] Sync: committed and pushed successfully
[2026-05-20 14:31:07] Sync: committed and pushed successfully
[2026-05-20 14:31:15] Sync: committed and pushed successfully
[2026-05-20 14:34:32] Sync: committed and pushed successfully
[2026-05-20 14:34:39] Sync: committed and pushed successfully
[2026-05-20 14:38:06] Sync: committed and pushed successfully
[2026-05-20 14:38:13] Sync: committed and pushed successfully
[2026-05-20 14:38:19] Sync: committed and pushed successfully
[2026-05-20 14:38:25] Sync: committed and pushed successfully
[2026-05-20 14:38:42] Sync: committed and pushed successfully
[2026-05-20 14:38:48] Sync: committed and pushed successfully
[2026-05-20 14:38:54] Sync: committed and pushed successfully
[2026-05-20 14:39:00] Sync: committed and pushed successfully
[2026-05-20 14:39:17] Sync: committed and pushed successfully
[2026-05-20 14:57:54] Sync: committed and pushed successfully
[2026-05-20 15:07:46] Sync: committed and pushed successfully
[2026-05-20 15:19:52] Sync: committed and pushed successfully
[2026-05-20 15:26:41] Sync: committed and pushed successfully
[2026-05-20 15:35:58] Sync: committed and pushed successfully
[2026-05-20 15:36:05] Sync: committed and pushed successfully
[2026-05-20 15:36:11] Sync: committed and pushed successfully
[2026-05-20 15:36:28] Sync: committed and pushed successfully
[2026-05-20 15:36:34] Sync: committed and pushed successfully
[2026-05-20 15:36:41] Sync: committed and pushed successfully
[2026-05-20 15:39:50] Sync: committed and pushed successfully
[2026-05-20 15:40:06] Sync: committed and pushed successfully
[2026-05-20 15:40:13] Sync: committed and pushed successfully
[2026-05-20 15:43:29] Sync: committed and pushed successfully
[2026-05-20 15:43:36] Sync: committed and pushed successfully
[2026-05-20 15:43:42] Sync: committed and pushed successfully
[2026-05-20 15:43:49] Sync: committed and pushed successfully
[2026-05-20 15:44:06] Sync: committed and pushed successfully
[2026-05-20 15:47:23] Sync: committed and pushed successfully
[2026-05-20 15:47:32] Sync: committed and pushed successfully
[2026-05-20 15:47:40] Sync: committed and pushed successfully
[2026-05-20 15:50:57] Sync: committed and pushed successfully
[2026-05-20 15:51:03] Sync: committed and pushed successfully
[2026-05-20 15:51:19] Sync: committed and pushed successfully
[2026-05-20 16:10:00] Sync: committed and pushed successfully
[2026-05-20 16:10:07] Sync: committed and pushed successfully
[2026-05-20 16:19:25] Sync: committed and pushed successfully
[2026-05-20 16:34:33] Sync: committed and pushed successfully
[2026-05-20 16:43:40] Sync: committed and pushed successfully
[2026-05-20 16:52:47] Sync: committed and pushed successfully
[2026-05-20 16:52:53] Sync: committed and pushed successfully
[2026-05-20 16:53:09] Sync: committed and pushed successfully
[2026-05-20 16:53:15] Sync: committed and pushed successfully
[2026-05-20 16:53:21] Sync: committed and pushed successfully
[2026-05-20 16:53:27] Sync: committed and pushed successfully
[2026-05-20 16:53:44] Sync: committed and pushed successfully
[2026-05-20 16:53:50] Sync: committed and pushed successfully
[2026-05-20 16:59:57] Sync: committed and pushed successfully
[2026-05-20 17:00:03] Sync: committed and pushed successfully
[2026-05-20 17:00:09] Sync: committed and pushed successfully
[2026-05-20 17:03:16] Sync: committed and pushed successfully
[2026-05-20 17:03:32] Sync: committed and pushed successfully
[2026-05-20 17:03:38] Sync: committed and pushed successfully
[2026-05-20 17:03:44] Sync: committed and pushed successfully
[2026-05-20 17:03:50] Sync: committed and pushed successfully
[2026-05-20 17:04:08] Sync: committed and pushed successfully
[2026-05-20 17:07:15] Sync: committed and pushed successfully
[2026-05-20 17:07:21] Sync: committed and pushed successfully
[2026-05-20 17:07:28] Sync: committed and pushed successfully
[2026-05-20 17:07:44] Sync: committed and pushed successfully
[2026-05-20 17:10:52] Sync: committed and pushed successfully
[2026-05-20 17:10:58] Sync: committed and pushed successfully
[2026-05-20 17:11:04] Sync: committed and pushed successfully
[2026-05-20 17:27:21] Sync: committed and pushed successfully
[2026-05-20 17:32:19] Sync: committed and pushed successfully
[2026-05-20 17:35:56] Sync: committed and pushed successfully
[2026-05-20 17:45:25] Sync: committed and pushed successfully
[2026-05-20 18:03:43] Sync: committed and pushed successfully
[2026-05-20 18:15:50] Sync: committed and pushed successfully
[2026-05-20 18:15:56] Sync: committed and pushed successfully
[2026-05-20 18:25:43] Sync: committed and pushed successfully
[2026-05-20 18:25:48] Sync: committed and pushed successfully
[2026-05-20 18:25:54] Sync: committed and pushed successfully
[2026-05-20 18:26:00] Sync: committed and pushed successfully
[2026-05-20 18:26:16] Sync: committed and pushed successfully
[2026-05-20 18:26:21] Sync: committed and pushed successfully
[2026-05-20 18:26:27] Sync: committed and pushed successfully
[2026-05-20 18:29:45] Sync: committed and pushed successfully
[2026-05-20 18:32:52] Sync: committed and pushed successfully
[2026-05-20 18:36:00] Sync: committed and pushed successfully
[2026-05-20 18:36:16] Sync: committed and pushed successfully
[2026-05-20 18:36:22] Sync: committed and pushed successfully
[2026-05-20 18:36:28] Sync: committed and pushed successfully
[2026-05-20 18:39:36] Sync: committed and pushed successfully
[2026-05-20 18:39:43] Sync: committed and pushed successfully
[2026-05-20 18:39:50] Sync: committed and pushed successfully
[2026-05-20 18:40:08] Sync: committed and pushed successfully
[2026-05-20 18:40:15] Sync: committed and pushed successfully
[2026-05-20 18:40:28] Sync: committed and pushed successfully
[2026-05-20 18:40:35] Sync: committed and pushed successfully
[2026-05-20 18:43:53] Sync: committed and pushed successfully
[2026-05-20 18:44:02] Sync: committed and pushed successfully
[2026-05-20 18:44:13] Sync: committed and pushed successfully
[2026-05-20 18:44:20] Sync: committed and pushed successfully
[2026-05-20 18:44:37] Sync: committed and pushed successfully
[2026-05-20 18:50:34] Sync: committed and pushed successfully
[2026-05-20 18:50:50] Sync: committed and pushed successfully
[2026-05-20 18:50:57] Sync: committed and pushed successfully
[2026-05-20 18:51:03] Sync: committed and pushed successfully
[2026-05-20 19:11:55] Sync: committed and pushed successfully
[2026-05-20 19:15:22] Sync: committed and pushed successfully
[2026-05-20 19:18:29] Sync: committed and pushed successfully
[2026-05-20 19:30:28] Sync: committed and pushed successfully
[2026-05-20 19:30:35] Sync: committed and pushed successfully
[2026-05-20 19:48:55] Sync: committed and pushed successfully
[2026-05-20 20:06:35] Sync: committed and pushed successfully
[2026-05-20 20:07:11] Sync: committed and pushed successfully
[2026-05-20 20:19:08] Sync: committed and pushed successfully
[2026-05-20 20:19:15] Sync: committed and pushed successfully
[2026-05-20 20:19:21] Sync: committed and pushed successfully
[2026-05-20 20:19:38] Sync: committed and pushed successfully
[2026-05-20 20:19:44] Sync: committed and pushed successfully
[2026-05-20 20:19:50] Sync: committed and pushed successfully
[2026-05-20 20:19:56] Sync: committed and pushed successfully
[2026-05-20 20:20:14] Sync: committed and pushed successfully
[2026-05-20 20:20:21] Sync: committed and pushed successfully
[2026-05-20 20:23:36] Sync: committed and pushed successfully
[2026-05-20 20:26:32] Sync: committed and pushed successfully
[2026-05-20 20:29:38] Sync: committed and pushed successfully
[2026-05-20 20:29:44] Sync: committed and pushed successfully
[2026-05-20 20:30:00] Sync: committed and pushed successfully
[2026-05-20 20:30:06] Sync: committed and pushed successfully
[2026-05-20 20:30:12] Sync: committed and pushed successfully
[2026-05-20 20:36:19] Sync: committed and pushed successfully
[2026-05-20 20:36:35] Sync: committed and pushed successfully
[2026-05-20 20:36:41] Sync: committed and pushed successfully
[2026-05-20 20:36:47] Sync: committed and pushed successfully
[2026-05-20 20:36:53] Sync: committed and pushed successfully
[2026-05-20 20:37:09] Sync: committed and pushed successfully
[2026-05-20 20:37:14] Sync: committed and pushed successfully
[2026-05-20 21:16:15] Sync: committed and pushed successfully
[2026-05-20 21:16:22] Sync: committed and pushed successfully
[2026-05-20 21:16:29] Sync: committed and pushed successfully
[2026-05-20 21:16:47] Sync: committed and pushed successfully
[2026-05-20 21:16:54] Sync: committed and pushed successfully
[2026-05-20 21:17:02] Sync: committed and pushed successfully
[2026-05-20 21:17:10] Sync: committed and pushed successfully
[2026-05-20 21:27:08] Sync: committed and pushed successfully
[2026-05-20 21:27:26] Sync: committed and pushed successfully
[2026-05-20 21:27:33] Sync: committed and pushed successfully
[2026-05-20 21:27:41] Sync: committed and pushed successfully
[2026-05-20 21:27:48] Sync: committed and pushed successfully
[2026-05-20 21:50:17] Sync: committed and pushed successfully
[2026-05-21 05:10:26] Sync: committed and pushed successfully
[2026-05-21 05:13:33] Sync: committed and pushed successfully
[2026-05-21 05:16:50] Sync: committed and pushed successfully
[2026-05-21 05:32:38] Sync: committed and pushed successfully
[2026-05-21 05:32:44] Sync: committed and pushed successfully
[2026-05-21 05:54:21] Sync: committed and pushed successfully
[2026-05-21 05:54:49] Sync: committed and pushed successfully
[2026-05-21 05:54:56] Sync: committed and pushed successfully
[2026-05-21 05:55:02] Sync: committed and pushed successfully
[2026-05-21 06:16:51] Sync: committed and pushed successfully
[2026-05-21 06:17:18] Sync: committed and pushed successfully
[2026-05-21 06:17:25] Sync: committed and pushed successfully
[2026-05-21 06:33:02] Sync: committed and pushed successfully
[2026-05-21 06:33:08] Sync: committed and pushed successfully
[2026-05-21 06:33:14] Sync: committed and pushed successfully
[2026-05-21 06:33:30] Sync: committed and pushed successfully
[2026-05-21 06:33:36] Sync: committed and pushed successfully
[2026-05-21 06:33:43] Sync: committed and pushed successfully
[2026-05-21 06:33:49] Sync: committed and pushed successfully
[2026-05-21 06:34:06] Sync: committed and pushed successfully
[2026-05-21 06:37:14] Sync: committed and pushed successfully
[2026-05-21 06:37:23] Sync: committed and pushed successfully
[2026-05-21 06:37:31] Sync: committed and pushed successfully
[2026-05-21 06:40:39] Sync: committed and pushed successfully
[2026-05-21 06:43:57] Sync: committed and pushed successfully
[2026-05-21 06:47:14] Sync: committed and pushed successfully
[2026-05-21 06:47:21] Sync: committed and pushed successfully
[2026-05-21 06:47:39] Sync: committed and pushed successfully
[2026-05-21 06:47:47] Sync: committed and pushed successfully
[2026-05-21 06:47:55] Sync: committed and pushed successfully
[2026-05-21 06:48:02] Sync: committed and pushed successfully
[2026-05-21 06:54:20] Sync: committed and pushed successfully
[2026-05-21 06:54:27] Sync: committed and pushed successfully
[2026-05-21 06:54:46] Sync: committed and pushed successfully
[2026-05-21 06:54:53] Sync: committed and pushed successfully
[2026-05-21 06:55:00] Sync: committed and pushed successfully
[2026-05-21 06:55:10] Sync: committed and pushed successfully
[2026-05-21 06:55:28] Sync: committed and pushed successfully
[2026-05-21 06:55:33] Sync: committed and pushed successfully
[2026-05-21 06:55:39] Sync: committed and pushed successfully
[2026-05-21 07:08:17] Sync: committed and pushed successfully
[2026-05-21 07:08:24] Sync: committed and pushed successfully
[2026-05-21 07:08:31] Sync: committed and pushed successfully
[2026-05-21 07:08:47] Sync: committed and pushed successfully
[2026-05-21 07:08:54] Sync: committed and pushed successfully
[2026-05-21 07:09:00] Sync: committed and pushed successfully
[2026-05-21 07:09:07] Sync: committed and pushed successfully
[2026-05-21 07:09:23] Sync: committed and pushed successfully
[2026-05-21 07:18:51] Sync: committed and pushed successfully
[2026-05-21 07:18:57] Sync: committed and pushed successfully
[2026-05-21 07:19:04] Sync: committed and pushed successfully
[2026-05-21 07:19:22] Sync: committed and pushed successfully
[2026-05-21 07:19:28] Sync: committed and pushed successfully
[2026-05-21 07:19:34] Sync: committed and pushed successfully
[2026-05-21 07:41:41] Sync: committed and pushed successfully
[2026-05-21 07:47:27] Sync: committed and pushed successfully
[2026-05-21 07:54:13] Sync: committed and pushed successfully
[2026-05-21 07:57:19] Sync: committed and pushed successfully
[2026-05-21 08:00:25] Sync: committed and pushed successfully
[2026-05-21 08:18:44] Sync: committed and pushed successfully
[2026-05-21 08:19:02] Sync: committed and pushed successfully
[2026-05-21 08:19:10] Sync: committed and pushed successfully
[2026-05-21 08:37:38] Sync: committed and pushed successfully
[2026-05-21 08:47:01] Sync: committed and pushed successfully
[2026-05-21 08:47:09] Sync: committed and pushed successfully
[2026-05-21 08:47:16] Sync: committed and pushed successfully
[2026-05-21 08:47:33] Sync: committed and pushed successfully
[2026-05-21 09:34:41] Sync: committed and pushed successfully
[2026-05-21 09:37:57] Sync: committed and pushed successfully
[2026-05-21 09:38:03] Sync: committed and pushed successfully
[2026-05-21 09:57:14] Sync: committed and pushed successfully
[2026-05-21 09:57:31] Sync: committed and pushed successfully
[2026-05-21 09:57:37] Sync: committed and pushed successfully
[2026-05-21 09:57:45] Sync: committed and pushed successfully
[2026-05-21 09:57:51] Sync: committed and pushed successfully
[2026-05-21 09:58:09] Sync: committed and pushed successfully
[2026-05-21 09:58:17] Sync: committed and pushed successfully
[2026-05-21 09:58:24] Sync: committed and pushed successfully
[2026-05-21 09:58:30] Sync: committed and pushed successfully
[2026-05-21 10:01:56] Sync: committed and pushed successfully
[2026-05-21 10:02:02] Sync: committed and pushed successfully
[2026-05-21 10:05:19] Sync: committed and pushed successfully
[2026-05-21 10:05:26] Sync: committed and pushed successfully
[2026-05-21 10:05:33] Sync: committed and pushed successfully
[2026-05-21 10:08:49] Sync: committed and pushed successfully
[2026-05-21 10:12:05] Sync: committed and pushed successfully
[2026-05-21 10:15:22] Sync: committed and pushed successfully
[2026-05-21 10:15:28] Sync: committed and pushed successfully
[2026-05-21 10:15:35] Sync: committed and pushed successfully
[2026-05-21 10:15:51] Sync: committed and pushed successfully
[2026-05-21 10:15:57] Sync: committed and pushed successfully
[2026-05-21 10:16:03] Sync: committed and pushed successfully
[2026-05-21 10:16:09] Sync: committed and pushed successfully
[2026-05-21 10:25:46] Sync: committed and pushed successfully
[2026-05-21 10:25:52] Sync: committed and pushed successfully
[2026-05-21 10:26:09] Sync: committed and pushed successfully
[2026-05-21 10:26:17] Sync: committed and pushed successfully
[2026-05-21 10:26:23] Sync: committed and pushed successfully
[2026-05-21 10:26:28] Sync: committed and pushed successfully
[2026-05-21 10:26:46] Sync: committed and pushed successfully
[2026-05-21 10:26:51] Sync: committed and pushed successfully
[2026-05-21 10:30:07] Sync: committed and pushed successfully
[2026-05-21 10:30:13] Sync: committed and pushed successfully
[2026-05-21 10:30:19] Sync: committed and pushed successfully
[2026-05-21 10:42:56] Sync: committed and pushed successfully
[2026-05-21 10:43:12] Sync: committed and pushed successfully
[2026-05-21 10:43:19] Sync: committed and pushed successfully
[2026-05-21 10:43:26] Sync: committed and pushed successfully
[2026-05-21 10:43:33] Sync: committed and pushed successfully
[2026-05-21 10:43:50] Sync: committed and pushed successfully
[2026-05-21 10:43:56] Sync: committed and pushed successfully
[2026-05-21 10:44:03] Sync: committed and pushed successfully
[2026-05-21 10:44:09] Sync: committed and pushed successfully
[2026-05-21 10:44:27] Sync: committed and pushed successfully
[2026-05-21 10:47:44] Sync: committed and pushed successfully
[2026-05-21 10:47:50] Sync: committed and pushed successfully
[2026-05-21 10:54:17] Sync: committed and pushed successfully
[2026-05-21 10:54:24] Sync: committed and pushed successfully
[2026-05-21 10:54:31] Sync: committed and pushed successfully
[2026-05-21 10:54:47] Sync: committed and pushed successfully
[2026-05-21 10:54:54] Sync: committed and pushed successfully
[2026-05-21 10:55:00] Sync: committed and pushed successfully
[2026-05-21 10:55:07] Sync: committed and pushed successfully
[2026-05-21 11:13:35] Sync: committed and pushed successfully
[2026-05-21 11:26:03] Auto-sync started. Watching: C:\Phiversity-main
[2026-05-21 11:26:03] Debounce: 60s | Poll: every 15min
[2026-05-21 11:26:03] Logging to: C:\Phiversity-main\auto-sync.log
[2026-05-21 11:27:11] Sync: committed and pushed successfully
[2026-05-21 11:31:18] Sync: committed and pushed successfully
[2026-05-21 11:35:34] Sync: committed and pushed successfully
[2026-05-21 11:39:39] Sync: committed and pushed successfully
